build/app/outputs/mapping/release/seeds.txt
androidx.window.embedding.ExtensionEmbeddingBackend$EmbeddingCallbackImpl
androidx.core.app.RemoteActionCompatParcelizer
androidx.window.layout.WindowMetricsCalculator$Companion$reset$1
androidx.lifecycle.CompositeGeneratedAdaptersObserver
androidx.window.layout.DisplayCompatHelperApi17
androidx.window.embedding.SplitRule$LayoutDir
androidx.window.layout.SidecarCompat$Companion
io.flutter.embedding.engine.plugins.lifecycle.HiddenLifecycleReference
androidx.window.embedding.ActivityFilter
androidx.window.layout.WindowInfoTrackerImpl$windowLayoutInfo$1
io.flutter.view.FlutterCallbackInformation
androidx.window.R$attr
androidx.window.core.Version
androidx.window.R$styleable
androidx.window.embedding.MatcherUtils
androidx.window.layout.SidecarCompat$FirstAttachAdapter
androidx.activity.OnBackPressedDispatcher$LifecycleOnBackPressedCancellable
androidx.window.core.ExperimentalWindowApi
androidx.activity.ComponentActivity$3
androidx.window.layout.ExtensionInterfaceCompat
io.flutter.embedding.engine.renderer.SurfaceTextureWrapper
androidx.window.core.Version$Companion
androidx.window.layout.ExtensionWindowLayoutInfoBackend
kotlinx.coroutines.CoroutineExceptionHandler
io.flutter.embedding.android.FlutterSplashView$SavedState
androidx.window.layout.ExtensionWindowLayoutInfoBackend$MulticastConsumer
io.flutter.view.AccessibilityViewEmbedder
androidx.window.layout.WindowInfoTracker$Companion
androidx.window.embedding.ActivityRule
io.flutter.embedding.engine.mutatorsstack.FlutterMutatorsStack
androidx.window.layout.FoldingFeature$State$Companion
io.flutter.embedding.engine.FlutterJNI
androidx.window.layout.FoldingFeature$OcclusionType$Companion
androidx.window.layout.WindowMetricsCalculator$Companion$overrideDecorator$1
androidx.window.layout.WindowInfoTracker
androidx.window.java.layout.WindowInfoTrackerCallbackAdapter$addListener$1$1
androidx.window.layout.SidecarWindowBackend$ExtensionListenerImpl
androidx.window.java.R
androidx.window.embedding.ExtensionEmbeddingBackend$SplitListenerWrapper
androidx.fragment.app.Fragment$2
kotlin.coroutines.jvm.internal.BaseContinuationImpl
androidx.window.layout.HardwareFoldingFeature$Type
androidx.window.layout.SidecarCompat
androidx.window.core.Version$bigInteger$2
androidx.window.layout.WindowMetricsCalculator$Companion
android.support.v4.graphics.drawable.IconCompatParcelizer
androidx.lifecycle.ReflectiveGenericLifecycleObserver
androidx.window.layout.SidecarWindowBackend$Companion
androidx.savedstate.SavedStateRegistry$1
androidx.window.layout.FoldingFeature
kotlinx.coroutines.android.AndroidDispatcherFactory
androidx.window.layout.WindowMetricsCalculator
androidx.window.embedding.EmbeddingRule
androidx.core.app.RemoteActionCompat
io.flutter.plugin.editing.ImeSyncDeferringInsetsCallback
androidx.window.embedding.EmbeddingInterfaceCompat$EmbeddingCallbackInterface
androidx.window.R$id
androidx.window.embedding.EmbeddingCompat
androidx.window.layout.ActivityCompatHelperApi30
androidx.activity.ComponentActivity$2
androidx.versionedparcelable.ParcelImpl
io.flutter.plugin.editing.ImeSyncDeferringInsetsCallback$AnimationCallback
kotlin.internal.jdk8.JDK8PlatformImplementations
androidx.window.layout.WindowMetricsCalculatorCompat
androidx.core.app.CoreComponentFactory
kotlinx.coroutines.internal.StackTraceRecoveryKt
androidx.window.embedding.SplitController
androidx.window.layout.WindowInfoTrackerImpl
androidx.window.layout.FoldingFeature$State
androidx.window.layout.ExtensionsWindowLayoutInfoAdapter
androidx.window.embedding.EmptyEmbeddingComponent
androidx.lifecycle.Lifecycling$1
androidx.core.graphics.drawable.IconCompatParcelizer
androidx.core.graphics.drawable.IconCompat
androidx.window.embedding.EmbeddingAdapter
androidx.window.core.Bounds
androidx.window.embedding.EmbeddingInterfaceCompat
androidx.window.java.layout.WindowInfoTrackerCallbackAdapter
androidx.savedstate.Recreator
androidx.window.R
androidx.window.layout.FoldingFeature$Orientation$Companion