build/app/outputs/mapping/release/mapping.txt
# compiler: R8
# compiler_version: 3.3.70
# min_api: 19
# common_typos_disable
# {"id":"com.android.tools.r8.mapping","version":"2.0"}
# pg_map_id: f1dd1f2
# pg_map_hash: SHA-256 f1dd1f2f893f8fdc0a4106e09ee9fde83d8762d322c1a29ea56a3e0132a274d9
...
kotlin.ranges.RangesKt -> h1.d:
    int coerceAtLeast(int,int) -> a
      # {"id":"com.android.tools.r8.synthesized"}
    long coerceAtLeast(long,long) -> b
      # {"id":"com.android.tools.r8.synthesized"}
    int coerceAtMost(int,int) -> c
      # {"id":"com.android.tools.r8.synthesized"}
    long coerceAtMost(long,long) -> d
      # {"id":"com.android.tools.r8.synthesized"}
    int coerceIn(int,int,int) -> e
      # {"id":"com.android.tools.r8.synthesized"}
    kotlin.ranges.IntProgression downTo(int,int) -> f
      # {"id":"com.android.tools.r8.synthesized"}
    kotlin.ranges.IntRange until(int,int) -> g
      # {"id":"com.android.tools.r8.synthesized"}
kotlin.ranges.RangesKt__RangesKt -> h1.e:
kotlin.ranges.RangesKt___RangesKt -> h1.f:
    int coerceAtLeast(int,int) -> a
    long coerceAtLeast(long,long) -> b
    int coerceAtMost(int,int) -> c
    long coerceAtMost(long,long) -> d
    int coerceIn(int,int,int) -> e
    kotlin.ranges.IntProgression downTo(int,int) -> f
    kotlin.ranges.IntRange until(int,int) -> g
kotlin.reflect.KAnnotatedElement -> i1.a:
kotlin.reflect.KCallable -> i1.b:
kotlin.reflect.KClass -> i1.c:
    java.lang.String getSimpleName() -> a
kotlin.reflect.KDeclarationContainer -> i1.d:
kotlin.reflect.KFunction -> i1.e:
kotlin.reflect.KType -> i1.f:
kotlin.reflect.KVisibility -> i1.g:
    kotlin.reflect.KVisibility[] $VALUES -> h
    kotlin.reflect.KVisibility PUBLIC -> d
    kotlin.reflect.KVisibility PROTECTED -> e
    kotlin.reflect.KVisibility INTERNAL -> f
    kotlin.reflect.KVisibility PRIVATE -> g
    kotlin.reflect.KVisibility[] $values() -> a
kotlin.sequences.ConstrainedOnceSequence -> j1.a:
    java.util.concurrent.atomic.AtomicReference sequenceRef -> a
kotlin.sequences.Sequence -> j1.b:
kotlin.sequences.SequencesKt -> j1.c:
    kotlin.sequences.Sequence asSequence(java.util.Iterator) -> a
      # {"id":"com.android.tools.r8.synthesized"}
    kotlin.sequences.Sequence map(kotlin.sequences.Sequence,kotlin.jvm.functions.Function1) -> c
      # {"id":"com.android.tools.r8.synthesized"}
    java.util.List toList(kotlin.sequences.Sequence) -> e
      # {"id":"com.android.tools.r8.synthesized"}
kotlin.sequences.SequencesKt__SequenceBuilderKt -> j1.d:
kotlin.sequences.SequencesKt__SequencesJVMKt -> j1.e:
kotlin.sequences.SequencesKt__SequencesKt -> j1.f:
    kotlin.sequences.Sequence asSequence(java.util.Iterator) -> a
    kotlin.sequences.Sequence constrainOnce(kotlin.sequences.Sequence) -> b
kotlin.sequences.SequencesKt__SequencesKt$asSequence$$inlined$Sequence$1 -> j1.f$a:
    java.util.Iterator $this_asSequence$inlined -> a
kotlin.sequences.SequencesKt___SequencesJvmKt -> j1.g:
kotlin.sequences.SequencesKt___SequencesKt -> j1.h:
    kotlin.sequences.Sequence map(kotlin.sequences.Sequence,kotlin.jvm.functions.Function1) -> c
    java.util.Collection toCollection(kotlin.sequences.Sequence,java.util.Collection) -> d
    java.util.List toList(kotlin.sequences.Sequence) -> e
    java.util.List toMutableList(kotlin.sequences.Sequence) -> f
kotlin.sequences.TransformingSequence -> j1.i:
    kotlin.sequences.Sequence sequence -> a
    kotlin.jvm.functions.Function1 transformer -> b
    kotlin.sequences.Sequence access$getSequence$p(kotlin.sequences.TransformingSequence) -> a
    kotlin.jvm.functions.Function1 access$getTransformer$p(kotlin.sequences.TransformingSequence) -> b
kotlin.sequences.TransformingSequence$iterator$1 -> j1.i$a:
    java.util.Iterator iterator -> d
    kotlin.sequences.TransformingSequence this$0 -> e
kotlin.text.CharsKt__CharJVMKt -> k1.a:
    int checkRadix(int) -> a
    int digitOf(char,int) -> b
    boolean isWhitespace(char) -> c
kotlin.text.CharsKt__CharKt -> k1.b:
    boolean equals(char,char,boolean) -> d