build/app/outputs/mapping/release/usage.txt
com.google.crypto.tink.hybrid.RegistryEciesAeadHkdfDemHelper
com.google.crypto.tink.hybrid.internal.AesGcmHpkeAead
com.google.crypto.tink.hybrid.internal.ChaCha20Poly1305HpkeAead
com.google.crypto.tink.hybrid.internal.HkdfHpkeKdf
com.google.crypto.tink.hybrid.internal.HpkeAead
com.google.crypto.tink.hybrid.internal.HpkeContext
com.google.crypto.tink.hybrid.internal.HpkeDecrypt$1
com.google.crypto.tink.hybrid.internal.HpkeDecrypt
com.google.crypto.tink.hybrid.internal.HpkeEncrypt
com.google.crypto.tink.hybrid.internal.HpkeKdf
com.google.crypto.tink.hybrid.internal.HpkeKem
com.google.crypto.tink.hybrid.internal.HpkeKemEncapOutput
com.google.crypto.tink.hybrid.internal.HpkeKemKeyFactory$1
com.google.crypto.tink.hybrid.internal.HpkeKemKeyFactory
com.google.crypto.tink.hybrid.internal.HpkeKemPrivateKey
com.google.crypto.tink.hybrid.internal.HpkePrimitiveFactory
com.google.crypto.tink.hybrid.internal.HpkePrivateKeyManager$1
com.google.crypto.tink.hybrid.internal.HpkePrivateKeyManager$2
com.google.crypto.tink.hybrid.internal.HpkePrivateKeyManager$3
com.google.crypto.tink.hybrid.internal.HpkePrivateKeyManager
com.google.crypto.tink.hybrid.internal.HpkePublicKeyManager$1
com.google.crypto.tink.hybrid.internal.HpkePublicKeyManager
com.google.crypto.tink.hybrid.internal.HpkeUtil$1
com.google.crypto.tink.hybrid.internal.HpkeUtil
com.google.crypto.tink.hybrid.internal.NistCurvesHpkeKem$1
com.google.crypto.tink.hybrid.internal.NistCurvesHpkeKem
com.google.crypto.tink.hybrid.internal.NistCurvesHpkeKemPrivateKey
com.google.crypto.tink.hybrid.internal.X25519HpkeKem
com.google.crypto.tink.hybrid.internal.X25519HpkeKemPrivateKey
com.google.crypto.tink.hybrid.subtle.AeadOrDaead
com.google.crypto.tink.hybrid.subtle.RsaKem
com.google.crypto.tink.hybrid.subtle.RsaKemHybridDecrypt
com.google.crypto.tink.hybrid.subtle.RsaKemHybridEncrypt
com.google.crypto.tink.integration.android.AndroidKeysetManager$1:
    static final synthetic int[] $SwitchMap$com$google$crypto$tink$proto$OutputPrefixType
    static void <clinit>()
com.google.crypto.tink.integration.android.AndroidKeysetManager$Builder:
    public com.google.crypto.tink.integration.android.AndroidKeysetManager$Builder doNotUseKeystore()
    public com.google.crypto.tink.integration.android.AndroidKeysetManager$Builder withKeyTemplate(com.google.crypto.tink.proto.KeyTemplate)
com.google.crypto.tink.integration.android.AndroidKeysetManager:
    static synthetic com.google.crypto.tink.KeyTemplate$OutputPrefixType access$500(com.google.crypto.tink.proto.OutputPrefixType)
    public synchronized com.google.crypto.tink.integration.android.AndroidKeysetManager add(com.google.crypto.tink.KeyTemplate)
    public synchronized com.google.crypto.tink.integration.android.AndroidKeysetManager add(com.google.crypto.tink.proto.KeyTemplate)
    public synchronized com.google.crypto.tink.integration.android.AndroidKeysetManager delete(int)
    public synchronized com.google.crypto.tink.integration.android.AndroidKeysetManager destroy(int)
    public synchronized com.google.crypto.tink.integration.android.AndroidKeysetManager disable(int)
    public synchronized com.google.crypto.tink.integration.android.AndroidKeysetManager enable(int)
    private static com.google.crypto.tink.KeyTemplate$OutputPrefixType fromProto(com.google.crypto.tink.proto.OutputPrefixType)
    public synchronized boolean isUsingKeystore()
    public synchronized com.google.crypto.tink.integration.android.AndroidKeysetManager promote(int)
    public synchronized com.google.crypto.tink.integration.android.AndroidKeysetManager rotate(com.google.crypto.tink.proto.KeyTemplate)
    public synchronized com.google.crypto.tink.integration.android.AndroidKeysetManager setPrimary(int)
    private boolean shouldUseKeystore()
    private void write(com.google.crypto.tink.KeysetManager)